{"logTime": "1201/205314", "correlationVector":"oPwIFskSOlGxFJ5Q52AzPT.120","action":"GetUpdates", "result":"DeleteReceived", "context":{"id":"fcb47b8c-0512-44b2-b3bd-b35f13f28fa4", "isDeleted:":"true", "version":"1701355189506"}}
{"logTime": "1201/205314", "correlationVector":"oPwIFskSOlGxFJ5Q52AzPT.121","action":"GetUpdates", "result":"DeleteReceived", "context":{"id":"a3e2a2ef-7d59-4c75-8e3b-55db5756a92b", "isDeleted:":"true", "version":"1701355302210"}}
{"logTime": "1201/205314", "correlationVector":"oPwIFskSOlGxFJ5Q52AzPT.122","action":"GetUpdates", "result":"DeleteReceived", "context":{"id":"ec155f1a-7d2e-4661-9aac-bfe52e0a69b0", "isDeleted:":"true", "version":"1701357131439"}}
{"logTime": "1201/205314", "correlationVector":"oPwIFskSOlGxFJ5Q52AzPT.123","action":"GetUpdates", "result":"DeleteReceived", "context":{"id":"60c62580-4522-4708-8ef1-fd6878c757e5", "isDeleted:":"true", "version":"1701372565603"}}
{"logTime": "1201/205314", "correlationVector":"oPwIFskSOlGxFJ5Q52AzPT.124","action":"GetUpdates", "result":"DeleteReceived", "context":{"id":"83270e1d-2448-4ea9-b2b9-3f2b5997c85d", "isDeleted:":"true", "version":"1701372565604"}}
{"logTime": "1201/205314", "correlationVector":"oPwIFskSOlGxFJ5Q52AzPT.125","action":"GetUpdates", "result":"DeleteReceived", "context":{"id":"5e759ed8-c571-4952-a367-2cfef4546322", "isDeleted:":"true", "version":"1701372565605"}}
{"logTime": "1201/205314", "correlationVector":"oPwIFskSOlGxFJ5Q52AzPT.126","action":"GetUpdates", "result":"DeleteReceived", "context":{"id":"0f641cc9-3ecb-4301-b6e3-5e79c82f9293", "isDeleted:":"true", "version":"1701372565607"}}
{"logTime": "1201/205314", "correlationVector":"oPwIFskSOlGxFJ5Q52AzPT.127","action":"GetUpdates", "result":"DeleteReceived", "context":{"id":"2f291162-6047-4bf5-a065-640a1360f48d", "isDeleted:":"true", "version":"1701372565608"}}
{"logTime": "1201/205314", "correlationVector":"oPwIFskSOlGxFJ5Q52AzPT.128","action":"GetUpdates", "result":"DeleteReceived", "context":{"id":"6dfa3ffd-d462-45e1-83f4-a02ba6239b46", "isDeleted:":"true", "version":"1701372565609"}}
{"logTime": "1201/205314", "correlationVector":"oPwIFskSOlGxFJ5Q52AzPT.129","action":"GetUpdates", "result":"DeleteReceived", "context":{"id":"7469757d-86bf-4992-88bf-6d57cbfc5d7c", "isDeleted:":"true", "version":"1701372565610"}}
{"logTime": "1201/205314", "correlationVector":"oPwIFskSOlGxFJ5Q52AzPT.130","action":"GetUpdates", "result":"DeleteReceived", "context":{"id":"ca14012e-9f92-4e72-b3ea-f0528a664ac4", "isDeleted:":"true", "version":"1701372979801"}}
{"logTime": "1201/205314", "correlationVector":"oPwIFskSOlGxFJ5Q52AzPT.131","action":"GetUpdates", "result":"DeleteReceived", "context":{"id":"fc5a6b40-d2c5-46a3-a878-e584654836ca", "isDeleted:":"true", "version":"1701373116547"}}
{"logTime": "1201/205314", "correlationVector":"oPwIFskSOlGxFJ5Q52AzPT.132","action":"GetUpdates", "result":"DeleteReceived", "context":{"id":"7d6b614e-e2d4-46d3-9759-5770be3010a9", "isDeleted:":"true", "version":"1701373194678"}}
{"logTime": "1201/205314", "correlationVector":"oPwIFskSOlGxFJ5Q52AzPT.133","action":"GetUpdates", "result":"DeleteReceived", "context":{"id":"7f6bf4b8-e9fc-4286-8239-c4954d1373d0", "isDeleted:":"true", "version":"1701375599523"}}
{"logTime": "1201/205314", "correlationVector":"oPwIFskSOlGxFJ5Q52AzPT.134","action":"GetUpdates", "result":"DeleteReceived", "context":{"id":"708125b6-da6d-4b6c-9f85-63fd10317c48", "isDeleted:":"true", "version":"1701375630265"}}
{"logTime": "1201/205314", "correlationVector":"oPwIFskSOlGxFJ5Q52AzPT.135","action":"GetUpdates", "result":"DeleteReceived", "context":{"id":"e90282f7-f363-4fc5-9412-4f715622d13b", "isDeleted:":"true", "version":"1701375630266"}}
{"logTime": "1201/205314", "correlationVector":"oPwIFskSOlGxFJ5Q52AzPT.136","action":"GetUpdates", "result":"DeleteReceived", "context":{"id":"f229a629-d85c-4de5-b08d-e2868627ca49", "isDeleted:":"true", "version":"1701375630272"}}
{"logTime": "1201/205314", "correlationVector":"oPwIFskSOlGxFJ5Q52AzPT.137","action":"GetUpdates", "result":"DeleteReceived", "context":{"id":"f70133f0-73ad-4812-b786-317bbabffcbb", "isDeleted:":"true", "version":"1701375630275"}}
{"logTime": "1201/205314", "correlationVector":"oPwIFskSOlGxFJ5Q52AzPT.138","action":"GetUpdates", "result":"DeleteReceived", "context":{"id":"222ab84e-2dd1-4a2c-91f9-cbebcfcd28ef", "isDeleted:":"true", "version":"1701375630276"}}
{"logTime": "1201/205314", "correlationVector":"oPwIFskSOlGxFJ5Q52AzPT.139","action":"GetUpdates", "result":"DeleteReceived", "context":{"id":"7016b3e0-cf5a-4b11-83df-521a2cb6bac4", "isDeleted:":"true", "version":"1701375662711"}}
{"logTime": "1201/205314", "correlationVector":"oPwIFskSOlGxFJ5Q52AzPT.140","action":"GetUpdates", "result":"DeleteReceived", "context":{"id":"36552f42-37b6-4bac-b29c-0141d311325e", "isDeleted:":"true", "version":"1701375662713"}}
{"logTime": "1201/205314", "correlationVector":"oPwIFskSOlGxFJ5Q52AzPT.141","action":"GetUpdates", "result":"DeleteReceived", "context":{"id":"2285480d-5817-48c0-b842-5c3f28093f11", "isDeleted:":"true", "version":"1701375662715"}}
{"logTime": "1201/205314", "correlationVector":"oPwIFskSOlGxFJ5Q52AzPT.142","action":"GetUpdates", "result":"DeleteReceived", "context":{"id":"90b67bba-96da-4d35-a4a2-cca93b68edfe", "isDeleted:":"true", "version":"1701375831255"}}
{"logTime": "1201/205314", "correlationVector":"oPwIFskSOlGxFJ5Q52AzPT.143","action":"GetUpdates", "result":"DeleteReceived", "context":{"id":"1fd06c40-aa3d-4a2a-81f2-8cabc6fdc4bc", "isDeleted:":"true", "version":"1701376355636"}}
{"logTime": "1201/205314", "correlationVector":"oPwIFskSOlGxFJ5Q52AzPT.144","action":"GetUpdates", "result":"DeleteReceived", "context":{"id":"ad77d25b-e481-4740-b40f-298d07b3fa1b", "isDeleted:":"true", "version":"1701376355638"}}
{"logTime": "1201/205314", "correlationVector":"oPwIFskSOlGxFJ5Q52AzPT.145","action":"GetUpdates", "result":"DeleteReceived", "context":{"id":"2c731b1f-07fe-43f1-bab8-5bc039db9ded", "isDeleted:":"true", "version":"1701376355639"}}
{"logTime": "1201/205314", "correlationVector":"oPwIFskSOlGxFJ5Q52AzPT.146","action":"GetUpdates", "result":"DeleteReceived", "context":{"id":"e979d0fe-8dc7-4f64-8f7d-8d8d7a84c1d6", "isDeleted:":"true", "version":"1701380620440"}}
{"logTime": "1201/205314", "correlationVector":"oPwIFskSOlGxFJ5Q52AzPT.147","action":"GetUpdates", "result":"DeleteReceived", "context":{"id":"c9808bb9-3a45-4010-94c8-a897ed00efbe", "isDeleted:":"true", "version":"1701380620441"}}
{"logTime": "1201/205314", "correlationVector":"oPwIFskSOlGxFJ5Q52AzPT.148","action":"GetUpdates", "result":"DeleteReceived", "context":{"id":"faa1a908-cf5d-4624-8cb9-bce714fa8b1f", "isDeleted:":"true", "version":"1701380620444"}}
{"logTime": "1201/205314", "correlationVector":"oPwIFskSOlGxFJ5Q52AzPT.149","action":"GetUpdates", "result":"DeleteReceived", "context":{"id":"6a5d308f-c43d-4df9-a686-816737e3c7ea", "isDeleted:":"true", "version":"1701380620445"}}
{"logTime": "1201/205314", "correlationVector":"oPwIFskSOlGxFJ5Q52AzPT.150","action":"GetUpdates", "result":"DeleteReceived", "context":{"id":"982ee8e5-3592-41e9-89eb-7490dfad6b3e", "isDeleted:":"true", "version":"1701380620446"}}
{"logTime": "1201/205314", "correlationVector":"oPwIFskSOlGxFJ5Q52AzPT.151","action":"GetUpdates", "result":"DeleteReceived", "context":{"id":"b2de5410-c419-4994-968f-3b60196c587d", "isDeleted:":"true", "version":"1701380620447"}}
{"logTime": "1201/205314", "correlationVector":"oPwIFskSOlGxFJ5Q52AzPT.152","action":"GetUpdates", "result":"DeleteReceived", "context":{"id":"7ca31748-91ff-4883-af9a-26c9f01cbd4d", "isDeleted:":"true", "version":"1701380620449"}}
{"logTime": "1201/205314", "correlationVector":"oPwIFskSOlGxFJ5Q52AzPT.153","action":"GetUpdates", "result":"DeleteReceived", "context":{"id":"1ceb193e-3d02-4b71-9488-7980ee3af875", "isDeleted:":"true", "version":"1701380620450"}}
{"logTime": "1201/205314", "correlationVector":"oPwIFskSOlGxFJ5Q52AzPT.154","action":"GetUpdates", "result":"DeleteReceived", "context":{"id":"167e4a6a-17b5-40d3-a2be-ab1dd969a1a3", "isDeleted:":"true", "version":"1701380706648"}}
{"logTime": "1201/205314", "correlationVector":"oPwIFskSOlGxFJ5Q52AzPT.155","action":"GetUpdates", "result":"DeleteReceived", "context":{"id":"1d697ccd-f815-4e28-a824-300a2d0b7971", "isDeleted:":"true", "version":"1701380706653"}}
{"logTime": "1201/205314", "correlationVector":"oPwIFskSOlGxFJ5Q52AzPT.156","action":"GetUpdates", "result":"DeleteReceived", "context":{"id":"082a4ced-68d6-44b0-8d0e-cceebe13a2ad", "isDeleted:":"true", "version":"1701380740508"}}
{"logTime": "1201/205314", "correlationVector":"oPwIFskSOlGxFJ5Q52AzPT.157","action":"GetUpdates", "result":"DeleteReceived", "context":{"id":"6b8301a6-cdf7-43bd-99a9-1d10412c0620", "isDeleted:":"true", "version":"1701381020739"}}
{"logTime": "1201/205314", "correlationVector":"oPwIFskSOlGxFJ5Q52AzPT.158","action":"GetUpdates", "result":"DeleteReceived", "context":{"id":"917b6758-b19b-40e5-9620-7e6a88735a48", "isDeleted:":"true", "version":"1701381020743"}}
{"logTime": "1201/205314", "correlationVector":"oPwIFskSOlGxFJ5Q52AzPT.159","action":"GetUpdates", "result":"DeleteReceived", "context":{"id":"6ad7eb54-7021-4979-a51f-6fcac8fac7e2", "isDeleted:":"true", "version":"1701381056199"}}
{"logTime": "1201/205314", "correlationVector":"oPwIFskSOlGxFJ5Q52AzPT.160","action":"GetUpdates", "result":"DeleteReceived", "context":{"id":"170bebc3-20fa-4b66-8bfb-6b782761f392", "isDeleted:":"true", "version":"1701381056200"}}
{"logTime": "1201/205314", "correlationVector":"oPwIFskSOlGxFJ5Q52AzPT.161","action":"GetUpdates", "result":"DeleteReceived", "context":{"id":"777c88f4-2fc6-41bb-a770-e5f3023df149", "isDeleted:":"true", "version":"1701381333898"}}
{"logTime": "1201/205314", "correlationVector":"oPwIFskSOlGxFJ5Q52AzPT.162","action":"GetUpdates", "result":"DeleteReceived", "context":{"id":"f8e1830b-6582-49b2-af5e-5716d00be0d9", "isDeleted:":"true", "version":"1701381852962"}}
{"logTime": "1201/205314", "correlationVector":"oPwIFskSOlGxFJ5Q52AzPT.163","action":"GetUpdates", "result":"DeleteReceived", "context":{"id":"5616d892-295e-4399-a7ab-7ef17a694f98", "isDeleted:":"true", "version":"1701383566792"}}
{"logTime": "1201/205314", "correlationVector":"oPwIFskSOlGxFJ5Q52AzPT.164","action":"GetUpdates", "result":"DeleteReceived", "context":{"id":"2775ea35-e5d2-4f90-a359-e625676afab7", "isDeleted:":"true", "version":"1701383622237"}}
{"logTime": "1201/205314", "correlationVector":"oPwIFskSOlGxFJ5Q52AzPT.165","action":"GetUpdates Response", "result":"SERVER_MORE_TO_DOWNLOAD", "context":Received 250 update(s).  Some updates remain.}
{"logTime": "1201/205314", "correlationVector":"7YdjLoo8j1ppoUsu3+i79S","action":"Initial GetUpdates", "result":"", "context":Reason: RECONFIGURATION. cV=7YdjLoo8j1ppoUsu3+i79S}
{"logTime": "1201/205315", "correlationVector":"7YdjLoo8j1ppoUsu3+i79S.1","action":"SyncServerConnectionManagerRequest", "result":"SYNC_SERVER_OK", "context":{"environment":"Prod_WestEurope_000l", "migrationStage":"NotStarted", "server":"GENERAL0100000I"}}
{"logTime": "1201/205315", "correlationVector":"7YdjLoo8j1ppoUsu3+i79S.2","action":"GetUpdates", "result":"DeleteReceived", "context":{"id":"6998ef65-4371-46c0-ac16-e3aa520121e1", "isDeleted:":"true", "version":"1701385165419"}}
{"logTime": "1201/205315", "correlationVector":"7YdjLoo8j1ppoUsu3+i79S.3","action":"GetUpdates", "result":"DeleteReceived", "context":{"id":"d7be98e3-506e-4dd7-9470-fae08f88844b", "isDeleted:":"true", "version":"1701385165422"}}
{"logTime": "1201/205315", "correlationVector":"7YdjLoo8j1ppoUsu3+i79S.4","action":"GetUpdates", "result":"DeleteReceived", "context":{"id":"c35abff5-692f-4da0-b0c4-260d7be52d8e", "isDeleted:":"true", "version":"1701385165423"}}
{"logTime": "1201/205315", "correlationVector":"7YdjLoo8j1ppoUsu3+i79S.5","action":"GetUpdates", "result":"DeleteReceived", "context":{"id":"a531f8ff-0916-4e81-8e44-eb6d2c698e65", "isDeleted:":"true", "version":"1701385165425"}}
{"logTime": "1201/205315", "correlationVector":"7YdjLoo8j1ppoUsu3+i79S.6","action":"GetUpdates", "result":"DeleteReceived", "context":{"id":"32749311-0a47-4217-ab56-16ea3f118a6a", "isDeleted:":"true", "version":"1701385165426"}}
{"logTime": "1201/205315", "correlationVector":"7YdjLoo8j1ppoUsu3+i79S.7","action":"GetUpdates", "result":"DeleteReceived", "context":{"id":"1e4fed59-7c22-4e45-9b51-17b0cfbf4d6b", "isDeleted:":"true", "version":"1701385378373"}}
{"logTime": "1201/205315", "correlationVector":"7YdjLoo8j1ppoUsu3+i79S.8","action":"GetUpdates", "result":"DeleteReceived", "context":{"id":"c171e3b9-22ff-4ba2-9ddb-f06dc9dc0e3a", "isDeleted:":"true", "version":"1701387609243"}}
{"logTime": "1201/205315", "correlationVector":"7YdjLoo8j1ppoUsu3+i79S.9","action":"GetUpdates", "result":"DeleteReceived", "context":{"id":"2ca6143d-9cad-443f-808d-b04b757c4a46", "isDeleted:":"true", "version":"1701387609245"}}
{"logTime": "1201/205315", "correlationVector":"7YdjLoo8j1ppoUsu3+i79S.10","action":"GetUpdates", "result":"DeleteReceived", "context":{"id":"db3d0ac6-cd89-4dc7-80c4-9d828cab6868", "isDeleted:":"true", "version":"1701387609246"}}
{"logTime": "1201/205315", "correlationVector":"7YdjLoo8j1ppoUsu3+i79S.11","action":"GetUpdates", "result":"DeleteReceived", "context":{"id":"c6ecd143-15e4-49c8-8c53-3a0262bb61d6", "isDeleted:":"true", "version":"1701388247401"}}
{"logTime": "1201/205315", "correlationVector":"7YdjLoo8j1ppoUsu3+i79S.12","action":"GetUpdates", "result":"DeleteReceived", "context":{"id":"6d5a9ab7-e178-4e79-b558-3558471ade11", "isDeleted:":"true", "version":"1701389132251"}}
{"logTime": "1201/205315", "correlationVector":"7YdjLoo8j1ppoUsu3+i79S.13","action":"GetUpdates", "result":"DeleteReceived", "context":{"id":"4f070fd2-761e-4aad-8bf5-73dfb07be17b", "isDeleted:":"true", "version":"1701389132253"}}
{"logTime": "1201/205315", "correlationVector":"7YdjLoo8j1ppoUsu3+i79S.14","action":"GetUpdates", "result":"DeleteReceived", "context":{"id":"bdaf5c5a-da00-4914-868b-efc199d1eed0", "isDeleted:":"true", "version":"1701391281457"}}
{"logTime": "1201/205315", "correlationVector":"7YdjLoo8j1ppoUsu3+i79S.15","action":"GetUpdates", "result":"DeleteReceived", "context":{"id":"0fe8e1b3-484d-4ed2-91f5-65fa9935ea7d", "isDeleted:":"true", "version":"1701425400569"}}
{"logTime": "1201/205315", "correlationVector":"7YdjLoo8j1ppoUsu3+i79S.16","action":"GetUpdates", "result":"DeleteReceived", "context":{"id":"7d9ec1d0-cb17-4a34-b107-af17a65113bb", "isDeleted:":"true", "version":"1701425400570"}}
{"logTime": "1201/205315", "correlationVector":"7YdjLoo8j1ppoUsu3+i79S.17","action":"GetUpdates", "result":"DeleteReceived", "context":{"id":"8842ebf9-cda8-4434-884c-946fb57f7128", "isDeleted:":"true", "version":"1701425449735"}}
{"logTime": "1201/205315", "correlationVector":"7YdjLoo8j1ppoUsu3+i79S.18","action":"GetUpdates", "result":"DeleteReceived", "context":{"id":"1d2904d7-ee30-4425-b31a-11d11219013c", "isDeleted:":"true", "version":"1701426280999"}}
{"logTime": "1201/205315", "correlationVector":"7YdjLoo8j1ppoUsu3+i79S.19","action":"GetUpdates", "result":"DeleteReceived", "context":{"id":"2196c2ec-03bc-4493-9f89-1fc7ac7cf39a", "isDeleted:":"true", "version":"1701429130061"}}
{"logTime": "1201/205315", "correlationVector":"7YdjLoo8j1ppoUsu3+i79S.20","action":"GetUpdates", "result":"DeleteReceived", "context":{"id":"5a3cf449-52e2-4a8a-ae01-3c48e75f60a0", "isDeleted:":"true", "version":"1701429641997"}}
{"logTime": "1201/205315", "correlationVector":"7YdjLoo8j1ppoUsu3+i79S.21","action":"GetUpdates", "result":"DeleteReceived", "context":{"id":"6b4ec848-a6d8-4534-8305-4d47736f78f3", "isDeleted:":"true", "version":"1701429771456"}}
{"logTime": "1201/205315", "correlationVector":"7YdjLoo8j1ppoUsu3+i79S.22","action":"GetUpdates", "result":"DeleteReceived", "context":{"id":"faf02561-3e65-4294-b835-2339a9c08565", "isDeleted:":"true", "version":"1701429778626"}}
{"logTime": "1201/205315", "correlationVector":"7YdjLoo8j1ppoUsu3+i79S.23","action":"GetUpdates", "result":"DeleteReceived", "context":{"id":"4cd51a83-e462-4981-aef1-9fe74d53deab", "isDeleted:":"true", "version":"1701430724522"}}
{"logTime": "1201/205315", "correlationVector":"7YdjLoo8j1ppoUsu3+i79S.24","action":"GetUpdates", "result":"DeleteReceived", "context":{"id":"0e501de8-333b-4cce-aa21-54d58fc302dc", "isDeleted:":"true", "version":"1701431020157"}}
{"logTime": "1201/205315", "correlationVector":"7YdjLoo8j1ppoUsu3+i79S.25","action":"GetUpdates", "result":"DeleteReceived", "context":{"id":"681d77d6-9cc6-429b-b138-1171d25cdca4", "isDeleted:":"true", "version":"1701432538799"}}
{"logTime": "1201/205315", "correlationVector":"7YdjLoo8j1ppoUsu3+i79S.26","action":"GetUpdates", "result":"DeleteReceived", "context":{"id":"5631b6c0-4c03-4caa-881c-f99e01aa7a63", "isDeleted:":"true", "version":"1701433194777"}}
{"logTime": "1201/205315", "correlationVector":"7YdjLoo8j1ppoUsu3+i79S.27","action":"GetUpdates", "result":"DeleteReceived", "context":{"id":"95a9acca-1be4-4e19-93cc-63bff19cab8e", "isDeleted:":"true", "version":"1701433194778"}}
{"logTime": "1201/205315", "correlationVector":"7YdjLoo8j1ppoUsu3+i79S.28","action":"GetUpdates", "result":"DeleteReceived", "context":{"id":"44538137-ed0b-4ce5-b368-eff6b9b26be3", "isDeleted:":"true", "version":"1701433194780"}}
{"logTime": "1201/205315", "correlationVector":"7YdjLoo8j1ppoUsu3+i79S.29","action":"GetUpdates", "result":"DeleteReceived", "context":{"id":"2570b811-4954-4e9e-9440-dbb989f5e801", "isDeleted:":"true", "version":"1701433194783"}}
{"logTime": "1201/205315", "correlationVector":"7YdjLoo8j1ppoUsu3+i79S.30","action":"GetUpdates", "result":"DeleteReceived", "context":{"id":"3639106d-1a6a-48a0-af2e-5bb0dd8c04fc", "isDeleted:":"true", "version":"1701433440660"}}
{"logTime": "1201/205315", "correlationVector":"7YdjLoo8j1ppoUsu3+i79S.31","action":"GetUpdates", "result":"DeleteReceived", "context":{"id":"2701b206-1306-4ee7-9f0d-8938b4ac880d", "isDeleted:":"true", "version":"1701433847322"}}
{"logTime": "1201/205315", "correlationVector":"7YdjLoo8j1ppoUsu3+i79S.32","action":"GetUpdates", "result":"DeleteReceived", "context":{"id":"bd42776b-5144-4ffd-9d13-1de519e2b27e", "isDeleted:":"true", "version":"1701433957882"}}
{"logTime": "1201/205315", "correlationVector":"7YdjLoo8j1ppoUsu3+i79S.33","action":"GetUpdates", "result":"DeleteReceived", "context":{"id":"bc64761c-47da-463f-bccf-16c34a0eec91", "isDeleted:":"true", "version":"1701434142910"}}
{"logTime": "1201/205315", "correlationVector":"7YdjLoo8j1ppoUsu3+i79S.34","action":"GetUpdates", "result":"DeleteReceived", "context":{"id":"457e7e9e-9dae-4f0f-95e6-386fe0fd20d5", "isDeleted:":"true", "version":"1701434395267"}}
{"logTime": "1201/205315", "correlationVector":"7YdjLoo8j1ppoUsu3+i79S.35","action":"GetUpdates", "result":"DeleteReceived", "context":{"id":"b9cde99e-b464-48db-af5b-74c8c699fa40", "isDeleted:":"true", "version":"1701434519820"}}
{"logTime": "1201/205315", "correlationVector":"7YdjLoo8j1ppoUsu3+i79S.36","action":"GetUpdates", "result":"DeleteReceived", "context":{"id":"d1bfe772-6b27-4d14-b85f-befe0f2863a9", "isDeleted:":"true", "version":"1701435402459"}}
{"logTime": "1201/205315", "correlationVector":"7YdjLoo8j1ppoUsu3+i79S.37","action":"GetUpdates", "result":"DeleteReceived", "context":{"id":"8776a156-f8d9-4878-bb94-d228d69345a4", "isDeleted:":"true", "version":"1701437855838"}}
{"logTime": "1201/205315", "correlationVector":"7YdjLoo8j1ppoUsu3+i79S.38","action":"GetUpdates", "result":"DeleteReceived", "context":{"id":"6d97fc25-71e6-44d6-8877-09c3f7bb342c", "isDeleted:":"true", "version":"1701440490923"}}
{"logTime": "1201/205315", "correlationVector":"7YdjLoo8j1ppoUsu3+i79S.39","action":"GetUpdates", "result":"DeleteReceived", "context":{"id":"b9e5fa0a-4562-4bcd-b8f9-61e7b24ffc97", "isDeleted:":"true", "version":"1701440490924"}}
{"logTime": "1201/205315", "correlationVector":"7YdjLoo8j1ppoUsu3+i79S.40","action":"GetUpdates", "result":"DeleteReceived", "context":{"id":"ce6d1e4e-238f-4b96-bc60-0b7b4f2a681f", "isDeleted:":"true", "version":"1701440561297"}}
{"logTime": "1201/205315", "correlationVector":"7YdjLoo8j1ppoUsu3+i79S.41","action":"GetUpdates", "result":"DeleteReceived", "context":{"id":"d70d78ec-517f-494d-bb7e-fb97838c38bc", "isDeleted:":"true", "version":"1701440571811"}}
{"logTime": "1201/205315", "correlationVector":"7YdjLoo8j1ppoUsu3+i79S.42","action":"GetUpdates", "result":"DeleteReceived", "context":{"id":"2ca99918-478e-431f-83a6-237dacd89b61", "isDeleted:":"true", "version":"1701440571812"}}
{"logTime": "1201/205315", "correlationVector":"7YdjLoo8j1ppoUsu3+i79S.43","action":"GetUpdates", "result":"DeleteReceived", "context":{"id":"3d7d56c4-5acd-47a6-b812-6d58e319b26d", "isDeleted:":"true", "version":"1701440571813"}}
{"logTime": "1201/205315", "correlationVector":"7YdjLoo8j1ppoUsu3+i79S.44","action":"GetUpdates", "result":"DeleteReceived", "context":{"id":"f3234f80-8f8a-4400-94d6-7867067786a8", "isDeleted:":"true", "version":"1701440571814"}}
{"logTime": "1201/205315", "correlationVector":"7YdjLoo8j1ppoUsu3+i79S.45","action":"GetUpdates", "result":"DeleteReceived", "context":{"id":"385b9c73-2444-494d-9cb8-b2d59d9d8d6a", "isDeleted:":"true", "version":"1701440571816"}}
{"logTime": "1201/205315", "correlationVector":"7YdjLoo8j1ppoUsu3+i79S.46","action":"GetUpdates", "result":"DeleteReceived", "context":{"id":"1960f136-e100-48f0-97a0-78be02220ae1", "isDeleted:":"true", "version":"1701440571817"}}
{"logTime": "1201/205315", "correlationVector":"7YdjLoo8j1ppoUsu3+i79S.47","action":"GetUpdates", "result":"DeleteReceived", "context":{"id":"38765964-9f74-44b6-9d3d-89797d45c60f", "isDeleted:":"true", "version":"1701440571818"}}
{"logTime": "1201/205315", "correlationVector":"7YdjLoo8j1ppoUsu3+i79S.48","action":"GetUpdates", "result":"DeleteReceived", "context":{"id":"7c7b9995-7714-41dc-9526-a4b642f07e4e", "isDeleted:":"true", "version":"1701440571819"}}
{"logTime": "1201/205315", "correlationVector":"7YdjLoo8j1ppoUsu3+i79S.49","action":"GetUpdates", "result":"DeleteReceived", "context":{"id":"36a90aed-0a3e-4448-b9aa-c0f0631cdd55", "isDeleted:":"true", "version":"1701440571820"}}
{"logTime": "1201/205315", "correlationVector":"7YdjLoo8j1ppoUsu3+i79S.50","action":"GetUpdates", "result":"DeleteReceived", "context":{"id":"4b84dcbc-42c0-4aa6-890a-fff574cb322f", "isDeleted:":"true", "version":"1701441388082"}}
{"logTime": "1201/205315", "correlationVector":"7YdjLoo8j1ppoUsu3+i79S.51","action":"GetUpdates", "result":"DeleteReceived", "context":{"id":"1e609ac3-e17e-4e00-aa8f-ff0e95f4e616", "isDeleted:":"true", "version":"1701441755109"}}
{"logTime": "1201/205315", "correlationVector":"7YdjLoo8j1ppoUsu3+i79S.52","action":"GetUpdates", "result":"DeleteReceived", "context":{"id":"ce41c1da-2406-4055-8abb-16178f30d72d", "isDeleted:":"true", "version":"1701441978059"}}
{"logTime": "1201/205315", "correlationVector":"7YdjLoo8j1ppoUsu3+i79S.53","action":"GetUpdates", "result":"DeleteReceived", "context":{"id":"495cf497-c8d7-44d9-a8d9-1b5a6f137a87", "isDeleted:":"true", "version":"1701442727974"}}
{"logTime": "1201/205315", "correlationVector":"7YdjLoo8j1ppoUsu3+i79S.54","action":"GetUpdates", "result":"DeleteReceived", "context":{"id":"97da5f2a-38ca-41d6-a08d-8e92087db89c", "isDeleted:":"true", "version":"1701443145649"}}
{"logTime": "1201/205315", "correlationVector":"7YdjLoo8j1ppoUsu3+i79S.55","action":"GetUpdates", "result":"DeleteReceived", "context":{"id":"2a92926f-714c-4149-b02e-9cf6a68055e6", "isDeleted:":"true", "version":"1701443263453"}}
{"logTime": "1201/205315", "correlationVector":"7YdjLoo8j1ppoUsu3+i79S.56","action":"GetUpdates", "result":"DeleteReceived", "context":{"id":"d9a0c363-79c0-4257-a21d-08273446e59a", "isDeleted:":"true", "version":"1701451320251"}}
{"logTime": "1201/205315", "correlationVector":"7YdjLoo8j1ppoUsu3+i79S.57","action":"GetUpdates", "result":"DeleteReceived", "context":{"id":"e44f80ee-9a74-4ce8-b10a-80032cb6e5a2", "isDeleted:":"true", "version":"1701451320252"}}
{"logTime": "1201/205315", "correlationVector":"7YdjLoo8j1ppoUsu3+i79S.58","action":"GetUpdates", "result":"DeleteReceived", "context":{"id":"222baae2-1e47-4736-90f1-9a7403d32011", "isDeleted:":"true", "version":"1701451320253"}}
{"logTime": "1201/205315", "correlationVector":"7YdjLoo8j1ppoUsu3+i79S.59","action":"GetUpdates", "result":"DeleteReceived", "context":{"id":"85094ae7-25fb-4595-8e3b-0a5fdca2eb08", "isDeleted:":"true", "version":"1701451320255"}}
{"logTime": "1201/205315", "correlationVector":"7YdjLoo8j1ppoUsu3+i79S.60","action":"GetUpdates", "result":"DeleteReceived", "context":{"id":"589bcde8-e728-4360-b181-0f22e82f3752", "isDeleted:":"true", "version":"1701451320256"}}
{"logTime": "1201/205315", "correlationVector":"7YdjLoo8j1ppoUsu3+i79S.61","action":"GetUpdates", "result":"DeleteReceived", "context":{"id":"bfe2e942-455a-45cc-adf1-f83365503f1d", "isDeleted:":"true", "version":"1701451320257"}}
{"logTime": "1201/205315", "correlationVector":"7YdjLoo8j1ppoUsu3+i79S.62","action":"GetUpdates", "result":"DeleteReceived", "context":{"id":"b0165ddd-ef3c-4271-9fa6-ffea59fc9f50", "isDeleted:":"true", "version":"1701451320258"}}
{"logTime": "1201/205315", "correlationVector":"7YdjLoo8j1ppoUsu3+i79S.63","action":"GetUpdates", "result":"DeleteReceived", "context":{"id":"442a8380-9435-458b-bfe4-0cdb00a3c6a0", "isDeleted:":"true", "version":"1701451320259"}}
{"logTime": "1201/205315", "correlationVector":"7YdjLoo8j1ppoUsu3+i79S.64","action":"GetUpdates", "result":"DeleteReceived", "context":{"id":"4e8768a8-bb1f-4aad-8082-c6122d2808ef", "isDeleted:":"true", "version":"1701451413947"}}
{"logTime": "1201/205315", "correlationVector":"7YdjLoo8j1ppoUsu3+i79S.65","action":"GetUpdates", "result":"DeleteReceived", "context":{"id":"f665d393-40f7-4ccf-9f44-ef69d6f29cd6", "isDeleted:":"true", "version":"1701451477210"}}
{"logTime": "1201/205315", "correlationVector":"7YdjLoo8j1ppoUsu3+i79S.66","action":"GetUpdates", "result":"DeleteReceived", "context":{"id":"fa86f79a-8b19-4537-b77a-a430c8063f94", "isDeleted:":"true", "version":"1701451607833"}}
{"logTime": "1201/205315", "correlationVector":"7YdjLoo8j1ppoUsu3+i79S.67","action":"GetUpdates", "result":"DeleteReceived", "context":{"id":"417cff91-f267-45ec-9116-54a8e18b8c5f", "isDeleted:":"true", "version":"1701451705936"}}
{"logTime": "1201/205315", "correlationVector":"7YdjLoo8j1ppoUsu3+i79S.68","action":"GetUpdates", "result":"DeleteReceived", "context":{"id":"32ccfde1-36f2-4b6a-a7c1-418e0514b824", "isDeleted:":"true", "version":"1701452135361"}}
{"logTime": "1201/205315", "correlationVector":"7YdjLoo8j1ppoUsu3+i79S.69","action":"GetUpdates", "result":"DeleteReceived", "context":{"id":"d2ec9b2c-2ab4-4822-976a-4ef689e55f57", "isDeleted:":"true", "version":"1701452135366"}}
{"logTime": "1201/205315", "correlationVector":"7YdjLoo8j1ppoUsu3+i79S.70","action":"GetUpdates", "result":"DeleteReceived", "context":{"id":"7c948883-b961-45ab-952b-6412b39724b5", "isDeleted:":"true", "version":"1701452135367"}}
{"logTime": "1201/205315", "correlationVector":"7YdjLoo8j1ppoUsu3+i79S.71","action":"GetUpdates", "result":"DeleteReceived", "context":{"id":"d7f6e605-d8cb-498c-b81f-83792d715787", "isDeleted:":"true", "version":"1701452258924"}}
{"logTime": "1201/205315", "correlationVector":"7YdjLoo8j1ppoUsu3+i79S.72","action":"GetUpdates", "result":"DeleteReceived", "context":{"id":"b5eb3258-ac28-45e9-939d-f4c06c8f9599", "isDeleted:":"true", "version":"1701452258927"}}
{"logTime": "1201/205315", "correlationVector":"7YdjLoo8j1ppoUsu3+i79S.73","action":"GetUpdates", "result":"DeleteReceived", "context":{"id":"9eb6a138-6b5a-40a1-a056-196767ea8833", "isDeleted:":"true", "version":"1701452258929"}}
{"logTime": "1201/205315", "correlationVector":"7YdjLoo8j1ppoUsu3+i79S.74","action":"GetUpdates", "result":"DeleteReceived", "context":{"id":"7511d13d-85f5-4ed2-a9d5-afaf015e09d0", "isDeleted:":"true", "version":"1701452258931"}}
{"logTime": "1201/205315", "correlationVector":"7YdjLoo8j1ppoUsu3+i79S.75","action":"GetUpdates", "result":"DeleteReceived", "context":{"id":"0938e296-2a98-4d50-bc52-3561dbd12bed", "isDeleted:":"true", "version":"1701452258932"}}
{"logTime": "1201/205315", "correlationVector":"7YdjLoo8j1ppoUsu3+i79S.76","action":"GetUpdates", "result":"DeleteReceived", "context":{"id":"f6e1ca6a-2207-4efa-aa1e-13ce741b1771", "isDeleted:":"true", "version":"1701452258933"}}
{"logTime": "1201/205315", "correlationVector":"7YdjLoo8j1ppoUsu3+i79S.77","action":"GetUpdates", "result":"DeleteReceived", "context":{"id":"818a61af-12df-4f25-b094-a5ba759319cb", "isDeleted:":"true", "version":"1701452314922"}}
{"logTime": "1201/205315", "correlationVector":"7YdjLoo8j1ppoUsu3+i79S.78","action":"GetUpdates", "result":"DeleteReceived", "context":{"id":"bdff3bbf-28b9-40b4-b63d-295c525f1c74", "isDeleted:":"true", "version":"1701452314925"}}
{"logTime": "1201/205315", "correlationVector":"7YdjLoo8j1ppoUsu3+i79S.79","action":"GetUpdates", "result":"DeleteReceived", "context":{"id":"4bdc934a-0869-472c-a80a-cd7e3d6191d8", "isDeleted:":"true", "version":"1701452314927"}}
{"logTime": "1201/205315", "correlationVector":"7YdjLoo8j1ppoUsu3+i79S.80","action":"GetUpdates", "result":"DeleteReceived", "context":{"id":"719ed5a9-475c-4b5e-a60d-d48232b25555", "isDeleted:":"true", "version":"1701452940592"}}
{"logTime": "1201/205315", "correlationVector":"7YdjLoo8j1ppoUsu3+i79S.81","action":"GetUpdates", "result":"DeleteReceived", "context":{"id":"584ea8c9-2b98-45b5-a610-c23bcce70f21", "isDeleted:":"true", "version":"1701453849546"}}
{"logTime": "1201/205315", "correlationVector":"7YdjLoo8j1ppoUsu3+i79S.82","action":"GetUpdates", "result":"DeleteReceived", "context":{"id":"21ea8149-b915-48c8-a0ac-8be5d1448dde", "isDeleted:":"true", "version":"1701455501336"}}
{"logTime": "1201/205315", "correlationVector":"7YdjLoo8j1ppoUsu3+i79S.83","action":"GetUpdates", "result":"DeleteReceived", "context":{"id":"ceeb3d15-bf90-432f-be9b-b870d4590c00", "isDeleted:":"true", "version":"1701458488137"}}
{"logTime": "1201/205315", "correlationVector":"7YdjLoo8j1ppoUsu3+i79S.84","action":"GetUpdates", "result":"DeleteReceived", "context":{"id":"75651605-91a2-4306-bffd-0478ddc213bb", "isDeleted:":"true", "version":"1701458488138"}}
{"logTime": "1201/205315", "correlationVector":"7YdjLoo8j1ppoUsu3+i79S.85","action":"GetUpdates", "result":"DeleteReceived", "context":{"id":"6d5bf06f-dc71-4075-9165-0b301c16db03", "isDeleted:":"true", "version":"1701458584281"}}
{"logTime": "1201/205315", "correlationVector":"7YdjLoo8j1ppoUsu3+i79S.86","action":"GetUpdates", "result":"DeleteReceived", "context":{"id":"3535267c-02e3-4bec-a399-2f3b0cab6522", "isDeleted:":"true", "version":"1701458621995"}}
{"logTime": "1201/205315", "correlationVector":"7YdjLoo8j1ppoUsu3+i79S.87","action":"GetUpdates", "result":"DeleteReceived", "context":{"id":"6d0589fc-d8f1-4f7d-b4a6-99205a524a93", "isDeleted:":"true", "version":"1701458621996"}}
{"logTime": "1201/205315", "correlationVector":"7YdjLoo8j1ppoUsu3+i79S.88","action":"GetUpdates", "result":"DeleteReceived", "context":{"id":"a1d478b9-d249-4c9b-bfce-e16034eb5282", "isDeleted:":"true", "version":"1701459550260"}}
{"logTime": "1201/205315", "correlationVector":"7YdjLoo8j1ppoUsu3+i79S.89","action":"GetUpdates", "result":"DeleteReceived", "context":{"id":"1f1669f7-709c-476a-8707-11d3ee366646", "isDeleted:":"true", "version":"1701459550261"}}
{"logTime": "1201/205315", "correlationVector":"7YdjLoo8j1ppoUsu3+i79S.90","action":"GetUpdates", "result":"DeleteReceived", "context":{"id":"c3abe1c1-a749-45ff-921d-dc7b100ba536", "isDeleted:":"true", "version":"1701459550262"}}
{"logTime": "1201/205315", "correlationVector":"7YdjLoo8j1ppoUsu3+i79S.91","action":"GetUpdates", "result":"DeleteReceived", "context":{"id":"db29e287-c9a2-45f0-b2e5-e18a270e857a", "isDeleted:":"true", "version":"1701459550265"}}
{"logTime": "1201/205315", "correlationVector":"7YdjLoo8j1ppoUsu3+i79S.92","action":"GetUpdates", "result":"DeleteReceived", "context":{"id":"231d9550-683c-427e-aa77-7ad2ca3a495b", "isDeleted:":"true", "version":"1701459550268"}}
{"logTime": "1201/205315", "correlationVector":"7YdjLoo8j1ppoUsu3+i79S.93","action":"GetUpdates", "result":"DeleteReceived", "context":{"id":"4c48af3b-74c1-47b8-8b9b-f4e71e4d7f81", "isDeleted:":"true", "version":"1701459761844"}}
{"logTime": "1201/205315", "correlationVector":"7YdjLoo8j1ppoUsu3+i79S.94","action":"GetUpdates", "result":"DeleteReceived", "context":{"id":"cebcb762-471f-40a9-ba03-12db3cd2cee2", "isDeleted:":"true", "version":"1701460532020"}}
{"logTime": "1201/205315", "correlationVector":"7YdjLoo8j1ppoUsu3+i79S.95","action":"GetUpdates", "result":"DeleteReceived", "context":{"id":"2927274d-d242-41e4-a639-99fbe5b6b4f5", "isDeleted:":"true", "version":"1701460532022"}}
{"logTime": "1201/205315", "correlationVector":"7YdjLoo8j1ppoUsu3+i79S.96","action":"GetUpdates", "result":"DeleteReceived", "context":{"id":"ea0f0009-6e9d-4482-8bb6-a3c940c67955", "isDeleted:":"true", "version":"1701460532023"}}
{"logTime": "1201/205315", "correlationVector":"7YdjLoo8j1ppoUsu3+i79S.97","action":"GetUpdates", "result":"DeleteReceived", "context":{"id":"61698672-868e-4295-9f6b-ae726451ba0b", "isDeleted:":"true", "version":"1701460532024"}}
{"logTime": "1201/205315", "correlationVector":"7YdjLoo8j1ppoUsu3+i79S.98","action":"GetUpdates", "result":"DeleteReceived", "context":{"id":"2d1ffe2e-0c71-4aab-a828-51b0f9184e74", "isDeleted:":"true", "version":"1701460532025"}}
{"logTime": "1201/205315", "correlationVector":"7YdjLoo8j1ppoUsu3+i79S.99","action":"GetUpdates", "result":"DeleteReceived", "context":{"id":"327d56c6-2c76-40e9-826d-9c24170c5bca", "isDeleted:":"true", "version":"1701460532026"}}
{"logTime": "1201/205315", "correlationVector":"7YdjLoo8j1ppoUsu3+i79S.100","action":"GetUpdates", "result":"DeleteReceived", "context":{"id":"a069593d-75ad-4687-9ad8-3e79d7e07d31", "isDeleted:":"true", "version":"1701460533046"}}
{"logTime": "1201/205315", "correlationVector":"7YdjLoo8j1ppoUsu3+i79S.101","action":"GetUpdates Response", "result":"SYNCER_OK", "context":Received 174 update(s). cV=7YdjLoo8j1ppoUsu3+i79S.0;server=GENERAL0100000I;cloudType=Consumer;environment=Prod_WestEurope_000l;migrationStage=NotStarted}
{"logTime": "1201/205315", "correlationVector":"EqX4MDlhmrRHAUe/gWT+V0","action":"Normal GetUpdate request", "result":"", "context":cV=EqX4MDlhmrRHAUe/gWT+V0
Nudged types: Sessions, Device Info, User Consents
Refresh requested types: Bookmarks, Preferences, Passwords, Autofill Profiles, Autofill, Autofill Custom Data, Typed URLs, Extensions, Sessions, Extension settings, History Delete Directives, Device Info, User Consents, Send Tab To Self, Web Apps, Collection, Edge E Drop, Edge Hub App Usage, Edge Wallet, Encryption Keys}
{"logTime": "1201/205315", "correlationVector":"EqX4MDlhmrRHAUe/gWT+V0.1","action":"SyncServerConnectionManagerRequest", "result":"SYNC_SERVER_OK", "context":{"environment":"Prod_WestEurope_000l", "migrationStage":"NotStarted", "server":"GENERAL0100000S"}}
{"logTime": "1201/205315", "correlationVector":"EqX4MDlhmrRHAUe/gWT+V0.2","action":"GetUpdates Response", "result":"SYNCER_OK", "context":Received 0 update(s). cV=EqX4MDlhmrRHAUe/gWT+V0.0;server=GENERAL0100000S;cloudType=Consumer;environment=Prod_WestEurope_000l;migrationStage=NotStarted}
{"logTime": "1201/205315", "correlationVector":"XaUSWX0pYOnr2tz7IvbPZ5","action":"Commit Request", "result":"", "context":Item count: 1
Contributing types: Device Info}
{"logTime": "1201/205316", "correlationVector":"XaUSWX0pYOnr2tz7IvbPZ5.1","action":"SyncServerConnectionManagerRequest", "result":"SYNC_SERVER_OK", "context":{"environment":"Prod_WestEurope_000l", "migrationStage":"NotStarted", "server":"GENERAL0100001C"}}
{"logTime": "1201/205316", "correlationVector":"XaUSWX0pYOnr2tz7IvbPZ5.2","action":"Commit Response", "result":"SYNCER_OK", "context":Result: SYNCER_OK. cV=XaUSWX0pYOnr2tz7IvbPZ5.0;server=GENERAL0100001C;cloudType=Consumer;environment=Prod_WestEurope_000l;migrationStage=NotStarted}
{"logTime": "1201/205316", "correlationVector":"jXcMq1GqRABOgZFOu24TGQ","action":"Commit Request", "result":"", "context":Item count: 12
Contributing types: Typed URLs, Sessions, User Consents}
{"logTime": "1201/205317", "correlationVector":"jXcMq1GqRABOgZFOu24TGQ.1","action":"SyncServerConnectionManagerRequest", "result":"SYNC_SERVER_OK", "context":{"environment":"Prod_WestEurope_000l", "migrationStage":"NotStarted", "server":"GENERAL01000023"}}
{"logTime": "1201/205317", "correlationVector":"jXcMq1GqRABOgZFOu24TGQ.2","action":"Commit Response", "result":"SYNCER_OK", "context":Result: SYNCER_OK. cV=jXcMq1GqRABOgZFOu24TGQ.0;server=GENERAL01000023;cloudType=Consumer;environment=Prod_WestEurope_000l;migrationStage=NotStarted}
{"logTime": "1202/193438", "correlationVector":"GSoNFwk8nIRdCciK9hVO7+.0","action":"FeedSettingFetch_homeCloud", "result":"0", "context":{}}
{"logTime": "1202/193438", "correlationVector":"PZxiYNyAtWOW51/588V49R.1","action":"SyncServerConnectionManagerRequest", "result":"SYNC_SERVER_OK", "context":{"environment":"Prod_WestEurope_000l", "migrationStage":"NotStarted", "server":"GENERAL01000013"}}
{"logTime": "1202/193438", "correlationVector":"PZxiYNyAtWOW51/588V49R","action":"Initial GetUpdates", "result":"", "context":Reason: NEW_CLIENT. cV=PZxiYNyAtWOW51/588V49R}
{"logTime": "1202/193438", "correlationVector":"PZxiYNyAtWOW51/588V49R.2","action":"GetUpdates Response", "result":"SYNCER_OK", "context":Received 1 update(s). cV=PZxiYNyAtWOW51/588V49R.0;server=GENERAL01000013;cloudType=Consumer;environment=Prod_WestEurope_000l;migrationStage=NotStarted}
{"logTime": "1202/193438", "correlationVector":"geIl3By7i3F1A+rEuRAOS9","action":"Initial GetUpdates", "result":"", "context":Reason: NEWLY_SUPPORTED_DATATYPE. cV=geIl3By7i3F1A+rEuRAOS9}
{"logTime": "1202/193438", "correlationVector":"geIl3By7i3F1A+rEuRAOS9.1","action":"SyncServerConnectionManagerRequest", "result":"SYNC_SERVER_OK", "context":{"environment":"Prod_WestEurope_000l", "migrationStage":"NotStarted", "server":"GENERAL0100001A"}}
{"logTime": "1202/193438", "correlationVector":"geIl3By7i3F1A+rEuRAOS9.2","action":"GetUpdates", "result":"DeleteReceived", "context":{"id":"e1f5ce5f-cfca-44fc-97c9-09b326bf3f4c", "isDeleted:":"true", "version":"1678693665319"}}
{"logTime": "1202/193438", "correlationVector":"geIl3By7i3F1A+rEuRAOS9.3","action":"GetUpdates", "result":"DeleteReceived", "context":{"id":"b9e4d6ea-f148-40ce-a59d-fd1ee395f3c3", "isDeleted:":"true", "version":"1679001112809"}}
{"logTime": "1202/193438", "correlationVector":"geIl3By7i3F1A+rEuRAOS9.4","action":"GetUpdates", "result":"DeleteReceived", "context":{"id":"cc821acf-a1db-4006-aad7-2ab6f6587079", "isDeleted:":"true", "version":"1679681330846"}}
{"logTime": "1202/193438", "correlationVector":"geIl3By7i3F1A+rEuRAOS9.5","action":"GetUpdates", "result":"DeleteReceived", "context":{"id":"e8df8c45-4b6c-4c8a-91b9-8139d57b031b", "isDeleted:":"true", "version":"1680550860615"}}
{"logTime": "1202/193438", "correlationVector":"geIl3By7i3F1A+rEuRAOS9.6","action":"GetUpdates", "result":"DeleteReceived", "context":{"id":"65abcd29-3d7e-4eb2-b415-580187fe0a62", "isDeleted:":"true", "version":"1684340060780"}}
{"logTime": "1202/193438", "correlationVector":"geIl3By7i3F1A+rEuRAOS9.7","action":"GetUpdates", "result":"DeleteReceived", "context":{"id":"a0f9f130-858f-4aae-a43f-46e5f67573cf", "isDeleted:":"true", "version":"1685953327101"}}
{"logTime": "1202/193438", "correlationVector":"geIl3By7i3F1A+rEuRAOS9.8","action":"GetUpdates", "result":"DeleteReceived", "context":{"id":"f5c9cfe9-53d9-4a85-acd9-454aa7ddfc38", "isDeleted:":"true", "version":"1688175061760"}}
{"logTime": "1202/193438", "correlationVector":"geIl3By7i3F1A+rEuRAOS9.9","action":"GetUpdates", "result":"DeleteReceived", "context":{"id":"95abdbf7-2d4b-42e7-9fbf-e1e56cd779ae", "isDeleted:":"true", "version":"1689104013901"}}
{"logTime": "1202/193438", "correlationVector":"geIl3By7i3F1A+rEuRAOS9.10","action":"GetUpdates", "result":"DeleteReceived", "context":{"id":"03ee2c38-1815-42b2-afd9-70eeebfc6b1b", "isDeleted:":"true", "version":"1690149330276"}}
{"logTime": "1202/193438", "correlationVector":"geIl3By7i3F1A+rEuRAOS9.11","action":"GetUpdates", "result":"DeleteReceived", "context":{"id":"797dec79-f17d-4f4e-879b-344a1bf11163", "isDeleted:":"true", "version":"1690149368471"}}
{"logTime": "1202/193438", "correlationVector":"geIl3By7i3F1A+rEuRAOS9.12","action":"GetUpdates", "result":"DeleteReceived", "context":{"id":"a6309cdb-7d2f-4185-909e-235645093fa1", "isDeleted:":"true", "version":"1691128008563"}}
{"logTime": "1202/193438", "correlationVector":"geIl3By7i3F1A+rEuRAOS9.13","action":"GetUpdates", "result":"DeleteReceived", "context":{"id":"6e601458-f946-4bcc-8a28-f2f2faf4c705", "isDeleted:":"true", "version":"1691128009216"}}
{"logTime": "1202/193438", "correlationVector":"geIl3By7i3F1A+rEuRAOS9.14","action":"GetUpdates", "result":"DeleteReceived", "context":{"id":"6ccf8b06-2b3a-47a7-bd5c-b19877fc789f", "isDeleted:":"true", "version":"1691128009780"}}
{"logTime": "1202/193438", "correlationVector":"geIl3By7i3F1A+rEuRAOS9.15","action":"GetUpdates", "result":"DeleteReceived", "context":{"id":"c0699bf8-6873-47f0-979f-bcc843985780", "isDeleted:":"true", "version":"1691128016011"}}
{"logTime": "1202/193438", "correlationVector":"geIl3By7i3F1A+rEuRAOS9.16","action":"GetUpdates", "result":"DeleteReceived", "context":{"id":"d6f91efd-7a3d-40e2-813d-470889d635af", "isDeleted:":"true", "version":"1691128016582"}}
{"logTime": "1202/193438", "correlationVector":"geIl3By7i3F1A+rEuRAOS9.17","action":"GetUpdates", "result":"DeleteReceived", "context":{"id":"6485f272-a8cb-4792-b56a-12d49e32219b", "isDeleted:":"true", "version":"1691128017250"}}
{"logTime": "1202/193438", "correlationVector":"geIl3By7i3F1A+rEuRAOS9.18","action":"GetUpdates", "result":"DeleteReceived", "context":{"id":"c43af598-d3fc-4236-a675-a5cae28637c4", "isDeleted:":"true", "version":"1691128017820"}}
{"logTime": "1202/193438", "correlationVector":"geIl3By7i3F1A+rEuRAOS9.19","action":"GetUpdates", "result":"DeleteReceived", "context":{"id":"592e67b2-5345-45ca-ae00-6ba25a74a2ea", "isDeleted:":"true", "version":"1691128063926"}}
{"logTime": "1202/193438", "correlationVector":"geIl3By7i3F1A+rEuRAOS9.20","action":"GetUpdates", "result":"DeleteReceived", "context":{"id":"48ea3f6b-3fe4-45e2-8cad-5c03026c7c07", "isDeleted:":"true", "version":"1692023289179"}}
{"logTime": "1202/193438", "correlationVector":"geIl3By7i3F1A+rEuRAOS9.21","action":"GetUpdates", "result":"DeleteReceived", "context":{"id":"5350223a-1351-4608-8a1b-f6e85ef341e5", "isDeleted:":"true", "version":"1692533602379"}}
{"logTime": "1202/193438", "correlationVector":"geIl3By7i3F1A+rEuRAOS9.22","action":"GetUpdates", "result":"DeleteReceived", "context":{"id":"cabf38e3-89b9-4c55-a1ed-e3cc3c6b572e", "isDeleted:":"true", "version":"1692533602922"}}
{"logTime": "1202/193438", "correlationVector":"geIl3By7i3F1A+rEuRAOS9.23","action":"GetUpdates", "result":"DeleteReceived", "context":{"id":"231b7c36-ce40-4aaf-9efe-6a89e8f066c3", "isDeleted:":"true", "version":"1692533603472"}}
{"logTime": "1202/193438", "correlationVector":"geIl3By7i3F1A+rEuRAOS9.24","action":"GetUpdates", "result":"DeleteReceived", "context":{"id":"a50833f6-41bf-40c4-9b2d-79023f8628b4", "isDeleted:":"true", "version":"1692533604002"}}
{"logTime": "1202/193438", "correlationVector":"geIl3By7i3F1A+rEuRAOS9.25","action":"GetUpdates", "result":"DeleteReceived", "context":{"id":"bc21ce3d-865a-4e9b-8ff1-c6b11e483359", "isDeleted:":"true", "version":"1692573980563"}}
{"logTime": "1202/193438", "correlationVector":"geIl3By7i3F1A+rEuRAOS9.26","action":"GetUpdates", "result":"DeleteReceived", "context":{"id":"e9313754-3646-4ddd-b800-beb112d29908", "isDeleted:":"true", "version":"1692573981155"}}
{"logTime": "1202/193438", "correlationVector":"geIl3By7i3F1A+rEuRAOS9.27","action":"GetUpdates", "result":"DeleteReceived", "context":{"id":"0d595cf0-8375-417c-8457-384f22a2037d", "isDeleted:":"true", "version":"1692573981835"}}
{"logTime": "1202/193438", "correlationVector":"geIl3By7i3F1A+rEuRAOS9.28","action":"GetUpdates", "result":"DeleteReceived", "context":{"id":"72b6f6f4-8456-45be-9cd7-e699763b26c2", "isDeleted:":"true", "version":"1692573982405"}}
{"logTime": "1202/193438", "correlationVector":"geIl3By7i3F1A+rEuRAOS9.29","action":"GetUpdates", "result":"DeleteReceived", "context":{"id":"41076d6e-0809-4ff5-8d65-b963ecfb9d40", "isDeleted:":"true", "version":"1692573982945"}}
{"logTime": "1202/193438", "correlationVector":"geIl3By7i3F1A+rEuRAOS9.30","action":"GetUpdates", "result":"DeleteReceived", "context":{"id":"3e9281e9-27d2-46f8-b7ea-f2007ac1470e", "isDeleted:":"true", "version":"1692573983527"}}
{"logTime": "1202/193438", "correlationVector":"geIl3By7i3F1A+rEuRAOS9.31","action":"GetUpdates", "result":"DeleteReceived", "context":{"id":"7a00664f-bd36-45d3-9c63-85ec962e8634", "isDeleted:":"true", "version":"1692573984496"}}
{"logTime": "1202/193438", "correlationVector":"geIl3By7i3F1A+rEuRAOS9.32","action":"GetUpdates", "result":"DeleteReceived", "context":{"id":"9df8ccc6-fff1-4bcf-9d1f-a05aaf36d111", "isDeleted:":"true", "version":"1692574043051"}}
{"logTime": "1202/193438", "correlationVector":"geIl3By7i3F1A+rEuRAOS9.33","action":"GetUpdates", "result":"DeleteReceived", "context":{"id":"8732a6cf-5738-4806-9432-bdd219d9e307", "isDeleted:":"true", "version":"1692796570906"}}
{"logTime": "1202/193438", "correlationVector":"geIl3By7i3F1A+rEuRAOS9.34","action":"GetUpdates", "result":"DeleteReceived", "context":{"id":"3b62dab6-6743-4e91-90e0-81b6f5597be3", "isDeleted:":"true", "version":"1694037835448"}}
{"logTime": "1202/193438", "correlationVector":"geIl3By7i3F1A+rEuRAOS9.35","action":"GetUpdates", "result":"DeleteReceived", "context":{"id":"00f8ea0e-402e-4c74-af07-9d394b6f85ed", "isDeleted:":"true", "version":"1695079209874"}}
{"logTime": "1202/193438", "correlationVector":"geIl3By7i3F1A+rEuRAOS9.36","action":"GetUpdates", "result":"DeleteReceived", "context":{"id":"b402a4bc-8113-4036-a3e2-efb8f2c69323", "isDeleted:":"true", "version":"1698753353062"}}
{"logTime": "1202/193438", "correlationVector":"geIl3By7i3F1A+rEuRAOS9.37","action":"GetUpdates", "result":"DeleteReceived", "context":{"id":"853a853e-c715-4f32-92f8-d8ec4bfd7a39", "isDeleted:":"true", "version":"1700384326178"}}
{"logTime": "1202/193438", "correlationVector":"geIl3By7i3F1A+rEuRAOS9.38","action":"GetUpdates Response", "result":"SYNCER_OK", "context":Received 220 update(s). cV=geIl3By7i3F1A+rEuRAOS9.0;server=GENERAL0100001A;cloudType=Consumer;environment=Prod_WestEurope_000l;migrationStage=NotStarted}
{"logTime": "1202/193438", "correlationVector":"uhRrP4sIcr25y0J/gAAzcz","action":"SyncServerConnectionManagerRequest", "result":"SYNC_SERVER_OK", "context":{"environment":"", "migrationStage":"", "server":""}}
{"logTime": "1202/193438", "correlationVector":"qhaE8kZ78lk3nbrQT6VJdu","action":"Normal GetUpdate request", "result":"", "context":cV=qhaE8kZ78lk3nbrQT6VJdu
Nudged types: Sessions, User Consents
Refresh requested types: Bookmarks, Preferences, Passwords, Autofill Profiles, Autofill, Autofill Custom Data, Typed URLs, Extensions, Sessions, Extension settings, History Delete Directives, Device Info, User Consents, Send Tab To Self, Web Apps, Collection, Edge E Drop, Edge Hub App Usage, Edge Wallet, Encryption Keys}
{"logTime": "1202/193438", "correlationVector":"qhaE8kZ78lk3nbrQT6VJdu.1","action":"SyncServerConnectionManagerRequest", "result":"SYNC_SERVER_OK", "context":{"environment":"Prod_WestEurope_000l", "migrationStage":"NotStarted", "server":"GENERAL0100000A"}}
{"logTime": "1202/193438", "correlationVector":"qhaE8kZ78lk3nbrQT6VJdu.2","action":"GetUpdates", "result":"DeleteReceived", "context":{"id":"207e0760-0464-4f79-9363-4df7ce007c72", "isDeleted:":"true", "version":"1701464571976"}}
{"logTime": "1202/193438", "correlationVector":"qhaE8kZ78lk3nbrQT6VJdu.3","action":"GetUpdates", "result":"DeleteReceived", "context":{"id":"14040e26-d51e-4eee-94b9-060f7ed5e5be", "isDeleted:":"true", "version":"1701464571977"}}
{"logTime": "1202/193438", "correlationVector":"qhaE8kZ78lk3nbrQT6VJdu.4","action":"GetUpdates", "result":"DeleteReceived", "context":{"id":"23f2e741-c8a0-405c-8da6-d9f2c6658731", "isDeleted:":"true", "version":"1701464571978"}}
{"logTime": "1202/193438", "correlationVector":"qhaE8kZ78lk3nbrQT6VJdu.5","action":"GetUpdates", "result":"DeleteReceived", "context":{"id":"db0dabd5-5a61-48d8-bccb-18231220711c", "isDeleted:":"true", "version":"1701464571980"}}
{"logTime": "1202/193438", "correlationVector":"qhaE8kZ78lk3nbrQT6VJdu.6","action":"GetUpdates", "result":"DeleteReceived", "context":{"id":"dc395a7f-054f-486e-bf47-8330dfdc42f2", "isDeleted:":"true", "version":"1701470499010"}}
{"logTime": "1202/193438", "correlationVector":"qhaE8kZ78lk3nbrQT6VJdu.7","action":"GetUpdates", "result":"DeleteReceived", "context":{"id":"e21b6dd8-5b78-4b5b-9e52-84d24c67062b", "isDeleted:":"true", "version":"1701500672486"}}
{"logTime": "1202/193438", "correlationVector":"qhaE8kZ78lk3nbrQT6VJdu.8","action":"GetUpdates", "result":"DeleteReceived", "context":{"id":"b16de796-994e-418b-930f-ec974e917f3b", "isDeleted:":"true", "version":"1701500718028"}}
{"logTime": "1202/193438", "correlationVector":"qhaE8kZ78lk3nbrQT6VJdu.9","action":"GetUpdates", "result":"DeleteReceived", "context":{"id":"24ddd57f-06e5-4fca-a5af-1b7e35c9d3bc", "isDeleted:":"true", "version":"1701500825011"}}
{"logTime": "1202/193438", "correlationVector":"qhaE8kZ78lk3nbrQT6VJdu.10","action":"GetUpdates", "result":"DeleteReceived", "context":{"id":"d929ddaa-eee8-4bf4-88df-7a667032b548", "isDeleted:":"true", "version":"1701500825012"}}
{"logTime": "1202/193438", "correlationVector":"qhaE8kZ78lk3nbrQT6VJdu.11","action":"GetUpdates", "result":"DeleteReceived", "context":{"id":"79103bd5-4263-4fa5-8142-c8ae131fa8d1", "isDeleted:":"true", "version":"1701500825013"}}
{"logTime": "1202/193438", "correlationVector":"qhaE8kZ78lk3nbrQT6VJdu.12","action":"GetUpdates", "result":"DeleteReceived", "context":{"id":"bf165131-b7c2-4658-b3cf-8c4e9a73b1ec", "isDeleted:":"true", "version":"1701500825014"}}
{"logTime": "1202/193438", "correlationVector":"qhaE8kZ78lk3nbrQT6VJdu.13","action":"GetUpdates", "result":"DeleteReceived", "context":{"id":"71673339-a450-437d-84b5-002969da7d55", "isDeleted:":"true", "version":"1701500825016"}}
{"logTime": "1202/193438", "correlationVector":"qhaE8kZ78lk3nbrQT6VJdu.14","action":"GetUpdates", "result":"DeleteReceived", "context":{"id":"d4e220b7-4b08-46a1-8ba8-5cff8178de8c", "isDeleted:":"true", "version":"1701500825017"}}
{"logTime": "1202/193438", "correlationVector":"qhaE8kZ78lk3nbrQT6VJdu.15","action":"GetUpdates", "result":"DeleteReceived", "context":{"id":"d339b92b-b881-4260-8eb4-6712ffa80116", "isDeleted:":"true", "version":"1701500825018"}}
{"logTime": "1202/193438", "correlationVector":"qhaE8kZ78lk3nbrQT6VJdu.16","action":"GetUpdates", "result":"DeleteReceived", "context":{"id":"1b258e4a-4c7f-4dc3-bec5-f42690b86695", "isDeleted:":"true", "version":"1701500825020"}}
{"logTime": "1202/193438", "correlationVector":"qhaE8kZ78lk3nbrQT6VJdu.17","action":"GetUpdates", "result":"DeleteReceived", "context":{"id":"93c42a4e-0d0c-47d6-96de-3f66476be364", "isDeleted:":"true", "version":"1701500825022"}}
{"logTime": "1202/193438", "correlationVector":"qhaE8kZ78lk3nbrQT6VJdu.18","action":"GetUpdates", "result":"DeleteReceived", "context":{"id":"06f0b992-603a-45b5-bc7d-9c71d2ed194d", "isDeleted:":"true", "version":"1701500860095"}}
{"logTime": "1202/193438", "correlationVector":"qhaE8kZ78lk3nbrQT6VJdu.19","action":"GetUpdates", "result":"DeleteReceived", "context":{"id":"5de8da9d-2407-4455-bfc2-2e69cda3ece2", "isDeleted:":"true", "version":"1701500991810"}}
{"logTime": "1202/193438", "correlationVector":"qhaE8kZ78lk3nbrQT6VJdu.20","action":"GetUpdates", "result":"DeleteReceived", "context":{"id":"2575b382-0e2d-4c72-8a19-0a2063d2a9b7", "isDeleted:":"true", "version":"1701501248957"}}
{"logTime": "1202/193438", "correlationVector":"qhaE8kZ78lk3nbrQT6VJdu.21","action":"GetUpdates", "result":"DeleteReceived", "context":{"id":"4dd00bd3-e894-4141-8527-d0b15eedfad3", "isDeleted:":"true", "version":"1701502754657"}}
{"logTime": "1202/193438", "correlationVector":"qhaE8kZ78lk3nbrQT6VJdu.22","action":"GetUpdates", "result":"DeleteReceived", "context":{"id":"5cd7e8f6-3383-44fe-ac27-9a21a1365079", "isDeleted:":"true", "version":"1701503081720"}}
{"logTime": "1202/193438", "correlationVector":"qhaE8kZ78lk3nbrQT6VJdu.23","action":"GetUpdates", "result":"DeleteReceived", "context":{"id":"c98ec9f5-a8f7-4e2b-a6bd-6f825dcc2296", "isDeleted:":"true", "version":"1701503081722"}}
{"logTime": "1202/193438", "correlationVector":"qhaE8kZ78lk3nbrQT6VJdu.24","action":"GetUpdates", "result":"DeleteReceived", "context":{"id":"4f0d4d12-cf5b-441f-95b4-bfb520b2c4c8", "isDeleted:":"true", "version":"1701503081725"}}
{"logTime": "1202/193438", "correlationVector":"qhaE8kZ78lk3nbrQT6VJdu.25","action":"GetUpdates", "result":"DeleteReceived", "context":{"id":"caf73f13-ba82-4f61-a534-111fdf6a6ff6", "isDeleted:":"true", "version":"1701503305465"}}
{"logTime": "1202/193438", "correlationVector":"qhaE8kZ78lk3nbrQT6VJdu.26","action":"GetUpdates", "result":"DeleteReceived", "context":{"id":"5250c1fe-020d-4bc6-9971-b21cfc47f223", "isDeleted:":"true", "version":"1701503534544"}}
{"logTime": "1202/193438", "correlationVector":"qhaE8kZ78lk3nbrQT6VJdu.27","action":"GetUpdates", "result":"DeleteReceived", "context":{"id":"ac380680-919b-4ddb-bc78-2930c8308878", "isDeleted:":"true", "version":"1701503741131"}}
{"logTime": "1202/193438", "correlationVector":"qhaE8kZ78lk3nbrQT6VJdu.28","action":"GetUpdates", "result":"DeleteReceived", "context":{"id":"66d04e38-d301-433f-a585-cf84ce36e504", "isDeleted:":"true", "version":"1701503741137"}}
{"logTime": "1202/193438", "correlationVector":"qhaE8kZ78lk3nbrQT6VJdu.29","action":"GetUpdates", "result":"DeleteReceived", "context":{"id":"cbcdad22-e22c-4c2b-8fda-2bd96ecb49d9", "isDeleted:":"true", "version":"1701509181872"}}
{"logTime": "1202/193438", "correlationVector":"qhaE8kZ78lk3nbrQT6VJdu.30","action":"GetUpdates", "result":"DeleteReceived", "context":{"id":"0c7c6286-5390-4d95-8f75-21b0dbe87d76", "isDeleted:":"true", "version":"1701509181873"}}
{"logTime": "1202/193438", "correlationVector":"qhaE8kZ78lk3nbrQT6VJdu.31","action":"GetUpdates", "result":"DeleteReceived", "context":{"id":"b52a6c9e-b59e-49fb-b39b-da383cb124bb", "isDeleted:":"true", "version":"1701509181875"}}
{"logTime": "1202/193438", "correlationVector":"qhaE8kZ78lk3nbrQT6VJdu.32","action":"GetUpdates", "result":"DeleteReceived", "context":{"id":"d0c559f1-7bce-4de5-812f-bf1032eebe0f", "isDeleted:":"true", "version":"1701509181877"}}
{"logTime": "1202/193438", "correlationVector":"qhaE8kZ78lk3nbrQT6VJdu.33","action":"GetUpdates", "result":"DeleteReceived", "context":{"id":"b8cc1d5d-16ed-41c0-9bea-4155453b988b", "isDeleted:":"true", "version":"1701509181878"}}
{"logTime": "1202/193438", "correlationVector":"qhaE8kZ78lk3nbrQT6VJdu.34","action":"GetUpdates", "result":"DeleteReceived", "context":{"id":"7851a39b-c519-4368-8197-8d0b83c0a6a0", "isDeleted:":"true", "version":"1701509181880"}}
{"logTime": "1202/193438", "correlationVector":"qhaE8kZ78lk3nbrQT6VJdu.35","action":"GetUpdates", "result":"DeleteReceived", "context":{"id":"4b2cdb5c-974a-40ed-8896-64d10ba3a47f", "isDeleted:":"true", "version":"1701509181882"}}
{"logTime": "1202/193438", "correlationVector":"qhaE8kZ78lk3nbrQT6VJdu.36","action":"GetUpdates", "result":"DeleteReceived", "context":{"id":"1cf37f96-94fc-4803-b2a4-e1d6d48c9100", "isDeleted:":"true", "version":"1701509181883"}}
{"logTime": "1202/193438", "correlationVector":"qhaE8kZ78lk3nbrQT6VJdu.37","action":"GetUpdates", "result":"DeleteReceived", "context":{"id":"f26f524d-7a3d-4b81-b3c2-add853ab1517", "isDeleted:":"true", "version":"1701509181884"}}
{"logTime": "1202/193438", "correlationVector":"qhaE8kZ78lk3nbrQT6VJdu.38","action":"GetUpdates", "result":"DeleteReceived", "context":{"id":"ffe8eda4-d22e-473a-ab99-5c82a4a8b49a", "isDeleted:":"true", "version":"1701509181885"}}
{"logTime": "1202/193438", "correlationVector":"qhaE8kZ78lk3nbrQT6VJdu.39","action":"GetUpdates", "result":"DeleteReceived", "context":{"id":"1741395a-ae78-4920-8a71-761184d09741", "isDeleted:":"true", "version":"1701509183018"}}
{"logTime": "1202/193438", "correlationVector":"qhaE8kZ78lk3nbrQT6VJdu.40","action":"GetUpdates", "result":"DeleteReceived", "context":{"id":"945470eb-ba9f-4062-8ff1-87f67d6b0299", "isDeleted:":"true", "version":"1701509183020"}}
{"logTime": "1202/193438", "correlationVector":"qhaE8kZ78lk3nbrQT6VJdu.41","action":"GetUpdates", "result":"DeleteReceived", "context":{"id":"e09f7c9f-15a6-469b-a029-23b5ba1e77ae", "isDeleted:":"true", "version":"1701509183022"}}
{"logTime": "1202/193438", "correlationVector":"qhaE8kZ78lk3nbrQT6VJdu.42","action":"GetUpdates", "result":"DeleteReceived", "context":{"id":"7c03bcf2-f2dc-4422-8984-61ed6f2d47c8", "isDeleted:":"true", "version":"1701509183024"}}
{"logTime": "1202/193438", "correlationVector":"qhaE8kZ78lk3nbrQT6VJdu.43","action":"GetUpdates", "result":"DeleteReceived", "context":{"id":"5e5237b9-1714-4901-9afb-499ee37797fd", "isDeleted:":"true", "version":"1701509183026"}}
{"logTime": "1202/193438", "correlationVector":"qhaE8kZ78lk3nbrQT6VJdu.44","action":"GetUpdates", "result":"DeleteReceived", "context":{"id":"75e92224-8e72-4b20-9e7b-39fbf652591e", "isDeleted:":"true", "version":"1701509183028"}}
{"logTime": "1202/193438", "correlationVector":"qhaE8kZ78lk3nbrQT6VJdu.45","action":"GetUpdates", "result":"DeleteReceived", "context":{"id":"e446d356-e0c4-40f5-a741-b5db1a0786be", "isDeleted:":"true", "version":"1701509183030"}}
{"logTime": "1202/193438", "correlationVector":"qhaE8kZ78lk3nbrQT6VJdu.46","action":"GetUpdates", "result":"DeleteReceived", "context":{"id":"eef29869-52fd-41b1-b0a3-ade6eb9e81b5", "isDeleted:":"true", "version":"1701509183032"}}
{"logTime": "1202/193438", "correlationVector":"qhaE8kZ78lk3nbrQT6VJdu.47","action":"GetUpdates", "result":"DeleteReceived", "context":{"id":"c3273021-679c-48ce-80e8-ef2791dec020", "isDeleted:":"true", "version":"1701509183036"}}
{"logTime": "1202/193438", "correlationVector":"qhaE8kZ78lk3nbrQT6VJdu.48","action":"GetUpdates", "result":"DeleteReceived", "context":{"id":"c1ea3882-a634-433f-85ff-368f9fa32d0a", "isDeleted:":"true", "version":"1701509184130"}}
{"logTime": "1202/193438", "correlationVector":"qhaE8kZ78lk3nbrQT6VJdu.49","action":"GetUpdates", "result":"DeleteReceived", "context":{"id":"2dcff532-174e-4b1e-81cc-ef205e613ef7", "isDeleted:":"true", "version":"1701509184132"}}
{"logTime": "1202/193438", "correlationVector":"qhaE8kZ78lk3nbrQT6VJdu.50","action":"GetUpdates", "result":"DeleteReceived", "context":{"id":"7da5e7f4-af0b-4577-82fb-e1fd2280f36e", "isDeleted:":"true", "version":"1701509338063"}}
{"logTime": "1202/193438", "correlationVector":"qhaE8kZ78lk3nbrQT6VJdu.51","action":"GetUpdates", "result":"DeleteReceived", "context":{"id":"94247cc7-b613-43d6-9cab-00c7152f2a2e", "isDeleted:":"true", "version":"1701509338064"}}
{"logTime": "1202/193438", "correlationVector":"qhaE8kZ78lk3nbrQT6VJdu.52","action":"GetUpdates", "result":"DeleteReceived", "context":{"id":"34e974b4-8f3e-4153-be75-6da389a8555d", "isDeleted:":"true", "version":"1701509338065"}}
{"logTime": "1202/193438", "correlationVector":"qhaE8kZ78lk3nbrQT6VJdu.53","action":"GetUpdates", "result":"DeleteReceived", "context":{"id":"04f0f3c0-5d48-423c-a6ba-c04806fa228d", "isDeleted:":"true", "version":"1701509338066"}}
{"logTime": "1202/193438", "correlationVector":"qhaE8kZ78lk3nbrQT6VJdu.54","action":"GetUpdates", "result":"DeleteReceived", "context":{"id":"7922b956-bb75-4df1-bc9e-f6b3421fe465", "isDeleted:":"true", "version":"1701509338067"}}
{"logTime": "1202/193438", "correlationVector":"qhaE8kZ78lk3nbrQT6VJdu.55","action":"GetUpdates", "result":"DeleteReceived", "context":{"id":"e1761565-ace7-4d92-9cec-94f77c989e55", "isDeleted:":"true", "version":"1701509338068"}}
{"logTime": "1202/193438", "correlationVector":"qhaE8kZ78lk3nbrQT6VJdu.56","action":"GetUpdates", "result":"DeleteReceived", "context":{"id":"11ece56e-e3fe-4061-9df2-fb0c5fbafce1", "isDeleted:":"true", "version":"1701509338069"}}
{"logTime": "1202/193438", "correlationVector":"qhaE8kZ78lk3nbrQT6VJdu.57","action":"GetUpdates", "result":"DeleteReceived", "context":{"id":"7b112e42-c147-4c7f-b99f-d40dc6098ad2", "isDeleted:":"true", "version":"1701509338071"}}
{"logTime": "1202/193438", "correlationVector":"qhaE8kZ78lk3nbrQT6VJdu.58","action":"GetUpdates", "result":"DeleteReceived", "context":{"id":"f28dd5ec-881e-4517-9f3f-63fb440263eb", "isDeleted:":"true", "version":"1701509696956"}}
{"logTime": "1202/193438", "correlationVector":"qhaE8kZ78lk3nbrQT6VJdu.59","action":"GetUpdates", "result":"DeleteReceived", "context":{"id":"a86a907a-287c-4386-b49a-0ed4ee0bb63d", "isDeleted:":"true", "version":"1701509880614"}}
{"logTime": "1202/193438", "correlationVector":"qhaE8kZ78lk3nbrQT6VJdu.60","action":"GetUpdates", "result":"DeleteReceived", "context":{"id":"ceb68492-7aac-4b3a-a632-4bf2b33c7c5d", "isDeleted:":"true", "version":"1701509880615"}}
{"logTime": "1202/193438", "correlationVector":"qhaE8kZ78lk3nbrQT6VJdu.61","action":"GetUpdates", "result":"DeleteReceived", "context":{"id":"9639b0db-d55d-4de4-9a19-ff594717cee7", "isDeleted:":"true", "version":"1701509880616"}}
{"logTime": "1202/193438", "correlationVector":"qhaE8kZ78lk3nbrQT6VJdu.62","action":"GetUpdates", "result":"DeleteReceived", "context":{"id":"321ab683-c8e7-42b6-b19d-b24f12b0b6ab", "isDeleted:":"true", "version":"1701509880618"}}
{"logTime": "1202/193438", "correlationVector":"qhaE8kZ78lk3nbrQT6VJdu.63","action":"GetUpdates", "result":"DeleteReceived", "context":{"id":"1246231f-f75c-4fdf-b5da-f57013d0e7cf", "isDeleted:":"true", "version":"1701509880619"}}
{"logTime": "1202/193438", "correlationVector":"qhaE8kZ78lk3nbrQT6VJdu.64","action":"GetUpdates", "result":"DeleteReceived", "context":{"id":"46cc1ac1-0034-4703-9813-83e9031bdfa8", "isDeleted:":"true", "version":"1701509880621"}}
{"logTime": "1202/193438", "correlationVector":"qhaE8kZ78lk3nbrQT6VJdu.65","action":"GetUpdates", "result":"DeleteReceived", "context":{"id":"5f9f2cc0-308f-4ec5-acb9-682bda61c807", "isDeleted:":"true", "version":"1701509880622"}}
{"logTime": "1202/193438", "correlationVector":"qhaE8kZ78lk3nbrQT6VJdu.66","action":"GetUpdates", "result":"DeleteReceived", "context":{"id":"99c358d0-61c1-4b95-89aa-7fe643b03f4f", "isDeleted:":"true", "version":"1701509880623"}}
{"logTime": "1202/193438", "correlationVector":"qhaE8kZ78lk3nbrQT6VJdu.67","action":"GetUpdates", "result":"DeleteReceived", "context":{"id":"cbaf892b-52db-4eed-a6b4-55005105a382", "isDeleted:":"true", "version":"1701510468035"}}
{"logTime": "1202/193438", "correlationVector":"qhaE8kZ78lk3nbrQT6VJdu.68","action":"GetUpdates", "result":"DeleteReceived", "context":{"id":"d6ac6459-430d-41f9-99f1-6396cb6e3d85", "isDeleted:":"true", "version":"1701510468036"}}
{"logTime": "1202/193438", "correlationVector":"qhaE8kZ78lk3nbrQT6VJdu.69","action":"GetUpdates", "result":"DeleteReceived", "context":{"id":"78356795-b49c-4f42-9bc5-ddceca81062b", "isDeleted:":"true", "version":"1701510468038"}}
{"logTime": "1202/193438", "correlationVector":"qhaE8kZ78lk3nbrQT6VJdu.70","action":"GetUpdates", "result":"DeleteReceived", "context":{"id":"40b7c576-5b65-423c-9e0e-6b0368905da5", "isDeleted:":"true", "version":"1701510468039"}}
{"logTime": "1202/193438", "correlationVector":"qhaE8kZ78lk3nbrQT6VJdu.71","action":"GetUpdates", "result":"DeleteReceived", "context":{"id":"2141e9ac-110d-4807-a242-96183dc9eac3", "isDeleted:":"true", "version":"1701510468040"}}
{"logTime": "1202/193438", "correlationVector":"qhaE8kZ78lk3nbrQT6VJdu.72","action":"GetUpdates", "result":"DeleteReceived", "context":{"id":"43d515bd-e1f0-4a10-af40-184070d6e910", "isDeleted:":"true", "version":"1701510468041"}}
{"logTime": "1202/193438", "correlationVector":"qhaE8kZ78lk3nbrQT6VJdu.73","action":"GetUpdates", "result":"DeleteReceived", "context":{"id":"46596519-77be-43ba-adac-d6724365f468", "isDeleted:":"true", "version":"1701521338742"}}
{"logTime": "1202/193438", "correlationVector":"qhaE8kZ78lk3nbrQT6VJdu.74","action":"GetUpdates", "result":"DeleteReceived", "context":{"id":"60e8fe4b-8967-4b3d-8352-eecad27ddf87", "isDeleted:":"true", "version":"1701521484878"}}
{"logTime": "1202/193438", "correlationVector":"qhaE8kZ78lk3nbrQT6VJdu.75","action":"GetUpdates", "result":"DeleteReceived", "context":{"id":"199ef4d1-de20-4c06-8cb6-7bc14a3bcb86", "isDeleted:":"true", "version":"1701521507689"}}
{"logTime": "1202/193438", "correlationVector":"qhaE8kZ78lk3nbrQT6VJdu.76","action":"GetUpdates", "result":"DeleteReceived", "context":{"id":"7838ceae-2734-4bb2-89de-65e29734035b", "isDeleted:":"true", "version":"1701521541486"}}
{"logTime": "1202/193438", "correlationVector":"qhaE8kZ78lk3nbrQT6VJdu.77","action":"GetUpdates", "result":"DeleteReceived", "context":{"id":"750a42c1-d26f-480c-9c79-1c138b979599", "isDeleted:":"true", "version":"1701521541488"}}
{"logTime": "1202/193438", "correlationVector":"qhaE8kZ78lk3nbrQT6VJdu.78","action":"GetUpdates", "result":"DeleteReceived", "context":{"id":"fa5fc257-d492-4d47-aba2-11245b6b2f9b", "isDeleted:":"true", "version":"1701521564127"}}
{"logTime": "1202/193438", "correlationVector":"qhaE8kZ78lk3nbrQT6VJdu.79","action":"GetUpdates", "result":"DeleteReceived", "context":{"id":"33731379-81ad-411c-a86b-994e14fc24d3", "isDeleted:":"true", "version":"1701521594663"}}
{"logTime": "1202/193438", "correlationVector":"qhaE8kZ78lk3nbrQT6VJdu.80","action":"GetUpdates", "result":"DeleteReceived", "context":{"id":"5552ea40-ee9f-490f-9011-874b02ba13b5", "isDeleted:":"true", "version":"1701521594665"}}
{"logTime": "1202/193438", "correlationVector":"qhaE8kZ78lk3nbrQT6VJdu.81","action":"GetUpdates", "result":"DeleteReceived", "context":{"id":"b1e067a2-f051-4efa-aa51-261136df9440", "isDeleted:":"true", "version":"1701521631536"}}
{"logTime": "1202/193438", "correlationVector":"qhaE8kZ78lk3nbrQT6VJdu.82","action":"GetUpdates", "result":"DeleteReceived", "context":{"id":"45d3de03-9e90-4c4b-af39-e5327d9eab7a", "isDeleted:":"true", "version":"1701523074175"}}
{"logTime": "1202/193438", "correlationVector":"qhaE8kZ78lk3nbrQT6VJdu.83","action":"GetUpdates", "result":"DeleteReceived", "context":{"id":"ab98d4bc-72c7-4302-b7d1-0cbb150ad9f3", "isDeleted:":"true", "version":"1701523074176"}}
{"logTime": "1202/193438", "correlationVector":"qhaE8kZ78lk3nbrQT6VJdu.84","action":"GetUpdates", "result":"DeleteReceived", "context":{"id":"ab162c7d-3981-43f9-af30-8cea9b6d9fa1", "isDeleted:":"true", "version":"1701524867254"}}
{"logTime": "1202/193438", "correlationVector":"qhaE8kZ78lk3nbrQT6VJdu.85","action":"GetUpdates", "result":"DeleteReceived", "context":{"id":"0688f582-0253-4f8d-b1a1-57b21d892fc8", "isDeleted:":"true", "version":"1701524867255"}}
{"logTime": "1202/193438", "correlationVector":"qhaE8kZ78lk3nbrQT6VJdu.86","action":"GetUpdates", "result":"DeleteReceived", "context":{"id":"0a59223f-6ed0-43c3-a610-b956a659f553", "isDeleted:":"true", "version":"1701530748965"}}
{"logTime": "1202/193438", "correlationVector":"qhaE8kZ78lk3nbrQT6VJdu.87","action":"GetUpdates", "result":"DeleteReceived", "context":{"id":"6060507a-1af4-47ed-873a-887db9f72019", "isDeleted:":"true", "version":"1701532694900"}}
{"logTime": "1202/193438", "correlationVector":"qhaE8kZ78lk3nbrQT6VJdu.88","action":"GetUpdates", "result":"DeleteReceived", "context":{"id":"990d8f69-6d54-4e99-a5ba-8565c31aebcd", "isDeleted:":"true", "version":"1701532694901"}}
{"logTime": "1202/193438", "correlationVector":"qhaE8kZ78lk3nbrQT6VJdu.89","action":"GetUpdates", "result":"DeleteReceived", "context":{"id":"0f9c7347-bc82-4dc0-9324-112414b4bf1d", "isDeleted:":"true", "version":"1701532694902"}}
{"logTime": "1202/193438", "correlationVector":"qhaE8kZ78lk3nbrQT6VJdu.90","action":"GetUpdates", "result":"DeleteReceived", "context":{"id":"b0aa4435-ba65-4d61-a504-ac67247d8b0e", "isDeleted:":"true", "version":"1701532694903"}}
{"logTime": "1202/193438", "correlationVector":"qhaE8kZ78lk3nbrQT6VJdu.91","action":"GetUpdates", "result":"DeleteReceived", "context":{"id":"63e3c1ea-32d3-47ba-affd-64ed956baa7d", "isDeleted:":"true", "version":"1701533191609"}}
{"logTime": "1202/193438", "correlationVector":"qhaE8kZ78lk3nbrQT6VJdu.92","action":"GetUpdates", "result":"DeleteReceived", "context":{"id":"024571fa-c734-46a3-9e11-9fae47138a24", "isDeleted:":"true", "version":"1701533191611"}}
{"logTime": "1202/193438", "correlationVector":"qhaE8kZ78lk3nbrQT6VJdu.93","action":"GetUpdates", "result":"DeleteReceived", "context":{"id":"5b790a36-5514-414b-8688-796770b84eb1", "isDeleted:":"true", "version":"1701533191612"}}
{"logTime": "1202/193438", "correlationVector":"qhaE8kZ78lk3nbrQT6VJdu.94","action":"GetUpdates", "result":"DeleteReceived", "context":{"id":"77d003c4-12fd-4085-a933-a4be277acb00", "isDeleted:":"true", "version":"1701533191613"}}
{"logTime": "1202/193438", "correlationVector":"qhaE8kZ78lk3nbrQT6VJdu.95","action":"GetUpdates", "result":"DeleteReceived", "context":{"id":"244a6921-99fb-4789-a524-d191818d6341", "isDeleted:":"true", "version":"1701533191615"}}
{"logTime": "1202/193438", "correlationVector":"qhaE8kZ78lk3nbrQT6VJdu.96","action":"GetUpdates Response", "result":"SYNCER_OK", "context":Received 222 update(s). cV=qhaE8kZ78lk3nbrQT6VJdu.0;server=GENERAL0100000A;cloudType=Consumer;environment=Prod_WestEurope_000l;migrationStage=NotStarted}
{"logTime": "1202/193438", "correlationVector":"PKawUTf4gFckEOKqCF6VSp","action":"Commit Request", "result":"", "context":Item count: 6
Contributing types: Autofill, Sessions, User Consents}
{"logTime": "1202/193438", "correlationVector":"PKawUTf4gFckEOKqCF6VSp.1","action":"SyncServerConnectionManagerRequest", "result":"SYNC_SERVER_OK", "context":{"environment":"Prod_WestEurope_000l", "migrationStage":"NotStarted", "server":"general01000009"}}
{"logTime": "1202/193438", "correlationVector":"PKawUTf4gFckEOKqCF6VSp.2","action":"Commit Response", "result":"SYNCER_OK", "context":Result: SYNCER_OK. cV=PKawUTf4gFckEOKqCF6VSp.0;server=general01000009;cloudType=Consumer;environment=Prod_WestEurope_000l;migrationStage=NotStarted}
{"logTime": "1202/193438", "correlationVector":"PKawUTf4gFckEOKqCF6VSp.3","action":"Commit.Sessions", "result":"Success", "context":{"id":"97b92068-9d54-4d4d-a1d8-2aa282b3104e", "isDeleted":"true", "size":"0", "version":"1701463997060"}}
{"logTime": "1202/193438", "correlationVector":"BYiZa3WVk2sUfJnFyrpl0Q","action":"Poll GetUpdate request", "result":"", "context":cV=BYiZa3WVk2sUfJnFyrpl0Q}
{"logTime": "1202/193438", "correlationVector":"BYiZa3WVk2sUfJnFyrpl0Q.1","action":"SyncServerConnectionManagerRequest", "result":"SYNC_SERVER_OK", "context":{"environment":"Prod_WestEurope_000l", "migrationStage":"NotStarted", "server":"GENERAL01000001"}}
{"logTime": "1202/193438", "correlationVector":"BYiZa3WVk2sUfJnFyrpl0Q.2","action":"GetUpdates", "result":"DeleteReceived", "context":{"id":"97b92068-9d54-4d4d-a1d8-2aa282b3104e", "isDeleted:":"true", "version":"1701545665742"}}
{"logTime": "1202/193438", "correlationVector":"BYiZa3WVk2sUfJnFyrpl0Q.3","action":"GetUpdates Response", "result":"SYNCER_OK", "context":Received 5 update(s). cV=BYiZa3WVk2sUfJnFyrpl0Q.0;server=GENERAL01000001;cloudType=Consumer;environment=Prod_WestEurope_000l;migrationStage=NotStarted}
{"logTime": "1202/193438", "correlationVector":"OqwsFeZ8ceuD73SBNw0fzJ","action":"Normal GetUpdate request", "result":"", "context":cV=OqwsFeZ8ceuD73SBNw0fzJ
Nudged types: Autofill, Sessions
Refresh requested types: Bookmarks, Preferences, Passwords, Autofill Profiles, Autofill, Autofill Custom Data, Typed URLs, Extensions, Sessions, Extension settings, History Delete Directives, Device Info, User Consents, Send Tab To Self, Web Apps, Collection, Edge E Drop, Edge Hub App Usage, Edge Wallet, Encryption Keys}
{"logTime": "1202/193438", "correlationVector":"OqwsFeZ8ceuD73SBNw0fzJ.1","action":"SyncServerConnectionManagerRequest", "result":"SYNC_SERVER_OK", "context":{"environment":"Prod_WestEurope_000l", "migrationStage":"NotStarted", "server":"GENERAL0100000B"}}
{"logTime": "1202/193438", "correlationVector":"OqwsFeZ8ceuD73SBNw0fzJ.2","action":"GetUpdates Response", "result":"SYNCER_OK", "context":Received 0 update(s). cV=OqwsFeZ8ceuD73SBNw0fzJ.0;server=GENERAL0100000B;cloudType=Consumer;environment=Prod_WestEurope_000l;migrationStage=NotStarted}
{"logTime": "1202/193438", "correlationVector":"D0/KvQ5ALZbhFHApHY/qJa","action":"Normal GetUpdate request", "result":"", "context":cV=D0/KvQ5ALZbhFHApHY/qJa
Nudged types: Preferences, Passwords
Notified types: Typed URLs}
{"logTime": "1202/193438", "correlationVector":"D0/KvQ5ALZbhFHApHY/qJa.1","action":"SyncServerConnectionManagerRequest", "result":"SYNC_SERVER_OK", "context":{"environment":"Prod_WestEurope_000l", "migrationStage":"NotStarted", "server":"GENERAL0100000G"}}
{"logTime": "1202/193438", "correlationVector":"D0/KvQ5ALZbhFHApHY/qJa.2","action":"GetUpdates", "result":"DeleteReceived", "context":{"id":"b27f4b6e-61b9-4f7e-bab9-3e79acb7643e", "isDeleted:":"true", "version":"1701545666773"}}
{"logTime": "1202/193438", "correlationVector":"D0/KvQ5ALZbhFHApHY/qJa.3","action":"GetUpdates Response", "result":"SYNCER_OK", "context":Received 5 update(s). cV=D0/KvQ5ALZbhFHApHY/qJa.0;server=GENERAL0100000G;cloudType=Consumer;environment=Prod_WestEurope_000l;migrationStage=NotStarted}
{"logTime": "1202/193438", "correlationVector":"xkC8lq9uqj+e47muan1tlp","action":"Commit Request", "result":"", "context":Item count: 1
Contributing types: Passwords}
{"logTime": "1202/193438", "correlationVector":"xkC8lq9uqj+e47muan1tlp.1","action":"SyncServerConnectionManagerRequest", "result":"SYNC_SERVER_OK", "context":{"environment":"Prod_WestEurope_000l", "migrationStage":"NotStarted", "server":"GENERAL01000001"}}
{"logTime": "1202/193438", "correlationVector":"xkC8lq9uqj+e47muan1tlp.2","action":"Commit Response", "result":"SYNCER_OK", "context":Result: SYNCER_OK. cV=xkC8lq9uqj+e47muan1tlp.0;server=GENERAL01000001;cloudType=Consumer;environment=Prod_WestEurope_000l;migrationStage=NotStarted}
{"logTime": "1202/193438", "correlationVector":"/9dKbjb952m2C0Gut9V2pD","action":"Commit Request", "result":"", "context":Item count: 1
Contributing types: Preferences}
{"logTime": "1202/193438", "correlationVector":"/9dKbjb952m2C0Gut9V2pD.1","action":"SyncServerConnectionManagerRequest", "result":"SYNC_SERVER_OK", "context":{"environment":"Prod_WestEurope_000l", "migrationStage":"NotStarted", "server":"GENERAL01000015"}}
{"logTime": "1202/193438", "correlationVector":"/9dKbjb952m2C0Gut9V2pD.2","action":"Commit Response", "result":"SYNCER_OK", "context":Result: SYNCER_OK. cV=/9dKbjb952m2C0Gut9V2pD.0;server=GENERAL01000015;cloudType=Consumer;environment=Prod_WestEurope_000l;migrationStage=NotStarted}
{"logTime": "1202/193452", "correlationVector":"iqsUd9S2wEdC3jr+ggcB9u","action":"Commit Request", "result":"", "context":Item count: 2
Contributing types: Preferences, Sessions}
{"logTime": "1202/193453", "correlationVector":"iqsUd9S2wEdC3jr+ggcB9u.1","action":"SyncServerConnectionManagerRequest", "result":"SYNC_SERVER_OK", "context":{"environment":"Prod_WestEurope_000l", "migrationStage":"NotStarted", "server":"GENERAL01000021"}}
{"logTime": "1202/193453", "correlationVector":"iqsUd9S2wEdC3jr+ggcB9u.2","action":"Commit Response", "result":"SYNCER_OK", "context":Result: SYNCER_OK. cV=iqsUd9S2wEdC3jr+ggcB9u.0;server=GENERAL01000021;cloudType=Consumer;environment=Prod_WestEurope_000l;migrationStage=NotStarted}
{"logTime": "1202/193536", "correlationVector":"jSHmBNkt6fF1UQYKf3Ej+w","action":"Commit Request", "result":"", "context":Item count: 1
Contributing types: Sessions}
{"logTime": "1202/193536", "correlationVector":"jSHmBNkt6fF1UQYKf3Ej+w.1","action":"SyncServerConnectionManagerRequest", "result":"SYNC_SERVER_OK", "context":{"environment":"Prod_WestEurope_000l", "migrationStage":"NotStarted", "server":"GENERAL0100001A"}}
{"logTime": "1202/193536", "correlationVector":"jSHmBNkt6fF1UQYKf3Ej+w.2","action":"Commit Response", "result":"SYNCER_OK", "context":Result: SYNCER_OK. cV=jSHmBNkt6fF1UQYKf3Ej+w.0;server=GENERAL0100001A;cloudType=Consumer;environment=Prod_WestEurope_000l;migrationStage=NotStarted}
{"logTime": "1202/193627", "correlationVector":"Yg4dODZvBtqXmXCzA9WRkj","action":"Commit Request", "result":"", "context":Item count: 1
Contributing types: Sessions}
{"logTime": "1202/193628", "correlationVector":"Yg4dODZvBtqXmXCzA9WRkj.1","action":"SyncServerConnectionManagerRequest", "result":"SYNC_SERVER_OK", "context":{"environment":"Prod_WestEurope_000l", "migrationStage":"NotStarted", "server":"GENERAL0100000Y"}}
{"logTime": "1202/193628", "correlationVector":"Yg4dODZvBtqXmXCzA9WRkj.2","action":"Commit Response", "result":"SYNCER_OK", "context":Result: SYNCER_OK. cV=Yg4dODZvBtqXmXCzA9WRkj.0;server=GENERAL0100000Y;cloudType=Consumer;environment=Prod_WestEurope_000l;migrationStage=NotStarted}
